<?xml version="1.0" encoding="UTF-8"?>
<!-- Generated by org.testng.reporters.JUnitXMLReporter -->
<testsuite hostname="Kacode-MacBook-Pro.local" ignored="4" name="TestOnChrome" tests="1" failures="0" timestamp="15 Oct 2023 11:14:24 GMT" time="9.292" errors="0">
  <testcase name="testSomethink" time="6.877" classname="testmaster.index"/>
  <testcase name="testCase2" time="0.0" classname="testmaster.index">
    <ignored/>
  </testcase> <!-- testCase2 -->
  <testcase name="testCase1" time="0.0" classname="testmaster.index">
    <ignored/>
  </testcase> <!-- testCase1 -->
  <testcase name="testCase4" time="0.0" classname="testmaster.index">
    <ignored/>
  </testcase> <!-- testCase4 -->
  <testcase name="testCase3" time="0.0" classname="testmaster.index">
    <ignored/>
  </testcase> <!-- testCase3 -->
</testsuite> <!-- TestOnChrome -->
