<?xml version="1.0" encoding="UTF-8"?>
<testng-results skipped="0" failed="0" ignored="4" total="5" passed="1">
  <reporter-output>
  </reporter-output>
  <suite name="Suite" duration-ms="9292" started-at="2023-10-15T11:14:14Z" finished-at="2023-10-15T11:14:24Z">
    <groups>
    </groups>
    <test name="TestOnChrome" duration-ms="9292" started-at="2023-10-15T11:14:14Z" finished-at="2023-10-15T11:14:24Z">
      <class name="testmaster.index">
        <test-method status="PASS" signature="setup()[pri:0, instance:testmaster.index@2b9627bc]" name="setup" is-config="true" duration-ms="176" started-at="2023-10-15T11:14:14Z" finished-at="2023-10-15T11:14:14Z">
          <reporter-output>
          </reporter-output>
        </test-method> <!-- setup -->
        <test-method status="PASS" signature="setUpTest(java.lang.String)[pri:0, instance:testmaster.index@2b9627bc]" name="setUpTest" is-config="true" duration-ms="2118" started-at="2023-10-15T11:14:14Z" finished-at="2023-10-15T11:14:17Z">
          <params>
            <param index="0">
              <value>
                <![CDATA[chrome]]>
              </value>
            </param>
          </params>
          <reporter-output>
          </reporter-output>
        </test-method> <!-- setUpTest -->
        <test-method status="PASS" signature="testSomethink()[pri:0, instance:testmaster.index@2b9627bc]" name="testSomethink" duration-ms="6877" started-at="2023-10-15T11:14:17Z" finished-at="2023-10-15T11:14:23Z">
          <reporter-output>
          </reporter-output>
        </test-method> <!-- testSomethink -->
        <test-method status="PASS" signature="tearDownTest()[pri:0, instance:testmaster.index@2b9627bc]" name="tearDownTest" is-config="true" duration-ms="276" started-at="2023-10-15T11:14:23Z" finished-at="2023-10-15T11:14:24Z">
          <reporter-output>
          </reporter-output>
        </test-method> <!-- tearDownTest -->
        <test-method status="PASS" signature="tearDown()[pri:0, instance:testmaster.index@2b9627bc]" name="tearDown" is-config="true" duration-ms="1" started-at="2023-10-15T11:14:24Z" finished-at="2023-10-15T11:14:24Z">
          <reporter-output>
          </reporter-output>
        </test-method> <!-- tearDown -->
      </class> <!-- testmaster.index -->
    </test> <!-- TestOnChrome -->
  </suite> <!-- Suite -->
</testng-results>
